{"C:\\Development\\HASKI-Frontend\\src\\common\\services\\index.ts": {"path":"C:\\Development\\HASKI-Frontend\\src\\common\\services\\index.ts","statementMap":{"0":{"start":{"line":4,"column":0},"end":{"line":4,"column":9}},"1":{"start":{"line":4,"column":9},"end":{"line":4,"column":43}}},"fnMap":{"0":{"name":"(anonymous_0)","decl":{"start":{"line":4,"column":9},"end":{"line":4,"column":21}},"loc":{"start":{"line":4,"column":9},"end":{"line":4,"column":43}}}},"branchMap":{},"s":{"0":3,"1":9},"f":{"0":6},"b":{}}
,"C:\\Development\\HASKI-Frontend\\src\\common\\services\\UserStore\\UserStore.ts": {"path":"C:\\Development\\HASKI-Frontend\\src\\common\\services\\UserStore\\UserStore.ts","statementMap":{"0":{"start":{"line":1,"column":0},"end":{"line":1,"column":29}},"1":{"start":{"line":7,"column":21},"end":{"line":14,"column":3}},"2":{"start":{"line":7,"column":51},"end":{"line":14,"column":2}},"3":{"start":{"line":9,"column":24},"end":{"line":9,"column":46}},"4":{"start":{"line":11,"column":4},"end":{"line":13,"column":7}},"5":{"start":{"line":11,"column":20},"end":{"line":13,"column":6}},"6":{"start":{"line":16,"column":9},"end":{"line":16,"column":21}}},"fnMap":{"0":{"name":"(anonymous_1)","decl":{"start":{"line":7,"column":41},"end":{"line":7,"column":42}},"loc":{"start":{"line":7,"column":51},"end":{"line":14,"column":2}}},"1":{"name":"(anonymous_2)","decl":{"start":{"line":9,"column":11},"end":{"line":9,"column":12}},"loc":{"start":{"line":9,"column":24},"end":{"line":9,"column":46}}},"2":{"name":"(anonymous_3)","decl":{"start":{"line":10,"column":18},"end":{"line":10,"column":21}},"loc":{"start":{"line":11,"column":4},"end":{"line":13,"column":7}}},"3":{"name":"(anonymous_4)","decl":{"start":{"line":11,"column":8},"end":{"line":11,"column":9}},"loc":{"start":{"line":11,"column":20},"end":{"line":13,"column":6}}}},"branchMap":{"0":{"loc":{"start":{"line":12,"column":33},"end":{"line":12,"column":72}},"type":"cond-expr","locations":[{"start":{"line":12,"column":50},"end":{"line":12,"column":68}},{"start":{"line":12,"column":71},"end":{"line":12,"column":72}}]}},"s":{"0":4,"1":4,"2":4,"3":1,"4":1,"5":1,"6":4},"f":{"0":4,"1":1,"2":1,"3":1},"b":{"0":[1,0]}}
,"C:\\Development\\HASKI-Frontend\\src\\common\\services\\UserStore\\index.ts": {"path":"C:\\Development\\HASKI-Frontend\\src\\common\\services\\UserStore\\index.ts","statementMap":{"0":{"start":{"line":2,"column":0},"end":{"line":2,"column":9}},"1":{"start":{"line":4,"column":9},"end":{"line":2,"column":43}}},"fnMap":{"0":{"name":"(anonymous_0)","decl":{"start":{"line":4,"column":9},"end":{"line":4,"column":21}},"loc":{"start":{"line":4,"column":9},"end":{"line":2,"column":43}}}},"branchMap":{},"s":{"0":3,"1":9},"f":{"0":6},"b":{}}
,"C:\\Development\\HASKI-Frontend\\src\\components\\Dashboard\\Dashboard.tsx": {"path":"C:\\Development\\HASKI-Frontend\\src\\components\\Dashboard\\Dashboard.tsx","statementMap":{"0":{"start":{"line":1,"column":0},"end":{"line":1,"column":43}},"1":{"start":{"line":2,"column":0},"end":{"line":2,"column":62}},"2":{"start":{"line":4,"column":25},"end":{"line":16,"column":null}},"3":{"start":{"line":6,"column":34},"end":{"line":6,"column":44}},"4":{"start":{"line":7,"column":44},"end":{"line":7,"column":64}},"5":{"start":{"line":10,"column":2},"end":{"line":15,"column":null}},"6":{"start":{"line":4,"column":13},"end":{"line":4,"column":25}}},"fnMap":{"0":{"name":"(anonymous_0)","decl":{"start":{"line":4,"column":25},"end":{"line":4,"column":26}},"loc":{"start":{"line":10,"column":2},"end":{"line":15,"column":null}}},"1":{"name":"(anonymous_1)","decl":{"start":{"line":6,"column":23},"end":{"line":6,"column":24}},"loc":{"start":{"line":6,"column":34},"end":{"line":6,"column":44}}},"2":{"name":"(anonymous_2)","decl":{"start":{"line":7,"column":33},"end":{"line":7,"column":34}},"loc":{"start":{"line":7,"column":44},"end":{"line":7,"column":64}}}},"branchMap":{"0":{"loc":{"start":{"line":5,"column":2},"end":{"line":8,"column":null}},"type":"default-arg","locations":[{"start":{"line":5,"column":14},"end":{"line":8,"column":null}}]}},"s":{"0":3,"1":3,"2":3,"3":3,"4":3,"5":5,"6":3},"f":{"0":5,"1":3,"2":3},"b":{"0":[3]}}
,"C:\\Development\\HASKI-Frontend\\src\\pages\\index.ts": {"path":"C:\\Development\\HASKI-Frontend\\src\\pages\\index.ts","statementMap":{"0":{"start":{"line":4,"column":0},"end":{"line":4,"column":7}},"1":{"start":{"line":5,"column":9},"end":{"line":4,"column":28}}},"fnMap":{},"branchMap":{},"s":{"0":2,"1":2},"f":{},"b":{}}
,"C:\\Development\\HASKI-Frontend\\src\\pages\\App\\App.tsx": {"path":"C:\\Development\\HASKI-Frontend\\src\\pages\\App\\App.tsx","statementMap":{"0":{"start":{"line":1,"column":0},"end":{"line":1,"column":63}},"1":{"start":{"line":4,"column":2},"end":{"line":4,"column":23}},"2":{"start":{"line":6,"column":0},"end":{"line":6,"column":19}}},"fnMap":{"0":{"name":"App","decl":{"start":{"line":3,"column":9},"end":{"line":3,"column":12}},"loc":{"start":{"line":3,"column":12},"end":{"line":5,"column":1}}}},"branchMap":{},"s":{"0":2,"1":3,"2":2},"f":{"0":3},"b":{}}
}
