TN:
SF:src\common\services\index.ts
FN:4,(anonymous_0)
FNF:1
FNH:1
FNDA:6,(anonymous_0)
DA:4,9
LF:1
LH:1
BRF:0
BRH:0
end_of_record
TN:
SF:src\common\services\UserStore\UserStore.ts
FN:7,(anonymous_1)
FN:9,(anonymous_2)
FN:10,(anonymous_3)
FN:11,(anonymous_4)
FNF:4
FNH:4
FNDA:4,(anonymous_1)
FNDA:1,(anonymous_2)
FNDA:1,(anonymous_3)
FNDA:1,(anonymous_4)
DA:1,4
DA:7,4
DA:9,1
DA:11,1
DA:16,4
LF:5
LH:5
BRDA:12,0,0,1
BRDA:12,0,1,0
BRF:2
BRH:1
end_of_record
TN:
SF:src\common\services\UserStore\index.ts
FN:4,(anonymous_0)
FNF:1
FNH:1
FNDA:6,(anonymous_0)
DA:2,3
DA:4,9
LF:2
LH:2
BRF:0
BRH:0
end_of_record
TN:
SF:src\components\Dashboard\Dashboard.tsx
FN:4,(anonymous_0)
FN:6,(anonymous_1)
FN:7,(anonymous_2)
FNF:3
FNH:3
FNDA:5,(anonymous_0)
FNDA:3,(anonymous_1)
FNDA:3,(anonymous_2)
DA:1,3
DA:2,3
DA:4,3
DA:6,3
DA:7,3
DA:10,5
LF:6
LH:6
BRDA:5,0,0,3
BRF:1
BRH:1
end_of_record
TN:
SF:src\pages\index.ts
FNF:0
FNH:0
DA:4,2
DA:5,2
LF:2
LH:2
BRF:0
BRH:0
end_of_record
TN:
SF:src\pages\App\App.tsx
FN:3,App
FNF:1
FNH:1
FNDA:3,App
DA:1,2
DA:4,3
DA:6,2
LF:3
LH:3
BRF:0
BRH:0
end_of_record
